SF:lib/common/utils/api_utils.dart
DA:15,3
DA:20,1
DA:21,3
DA:24,0
DA:25,0
DA:28,1
DA:37,1
DA:39,1
DA:40,1
DA:41,1
DA:42,1
DA:48,1
DA:51,0
DA:61,0
DA:63,0
DA:64,0
DA:65,0
DA:66,0
DA:74,0
DA:77,0
DA:87,0
DA:89,0
DA:90,0
DA:91,0
DA:92,0
DA:99,0
DA:102,0
DA:112,0
DA:114,0
DA:115,0
DA:116,0
DA:117,0
DA:124,0
DA:127,1
DA:128,2
DA:129,1
DA:130,1
DA:132,2
DA:133,1
DA:134,2
DA:135,1
DA:136,1
DA:137,1
DA:138,0
DA:140,0
DA:143,1
DA:145,2
DA:146,2
DA:147,1
DA:148,1
DA:149,1
DA:150,1
DA:151,1
DA:152,1
DA:158,1
DA:166,1
DA:168,3
DA:169,2
DA:170,3
DA:171,3
DA:172,3
DA:173,1
DA:174,1
DA:176,2
DA:177,1
DA:179,5
DA:180,1
DA:182,1
DA:183,2
DA:185,0
DA:186,0
DA:187,0
DA:189,0
DA:193,0
DA:194,0
DA:197,0
DA:198,0
DA:201,1
DA:204,1
DA:205,1
DA:208,1
DA:209,1
DA:211,0
DA:223,1
LF:84
LH:50
end_of_record
