SF:lib/common/utils/api_utils.dart
DA:13,3
DA:18,1
DA:20,0
DA:21,0
DA:24,1
DA:29,1
DA:30,1
DA:31,1
DA:34,1
DA:38,1
DA:41,1
DA:47,1
DA:48,1
DA:49,1
DA:52,1
DA:58,1
DA:61,1
DA:67,1
DA:68,1
DA:69,1
DA:72,1
DA:77,1
DA:80,1
DA:86,1
DA:87,1
DA:88,1
DA:91,1
DA:95,1
DA:98,1
DA:99,2
DA:100,1
DA:101,1
DA:103,2
DA:104,1
DA:105,2
DA:106,1
DA:107,1
DA:108,1
DA:109,1
DA:111,1
DA:113,1
DA:114,3
DA:115,2
DA:118,0
DA:121,1
DA:124,1
DA:126,2
DA:127,2
DA:128,1
DA:129,1
DA:130,1
DA:131,1
DA:132,1
DA:133,1
DA:134,1
DA:140,1
DA:148,1
DA:149,2
DA:151,2
DA:152,2
DA:160,2
DA:161,1
DA:162,1
DA:164,2
DA:165,1
DA:167,2
DA:168,1
DA:169,1
DA:171,0
DA:172,0
DA:175,0
DA:176,0
DA:179,2
DA:181,1
DA:184,1
DA:185,1
DA:188,1
DA:189,1
DA:194,1
DA:195,3
DA:198,1
DA:206,1
DA:207,2
DA:208,2
DA:209,2
DA:212,1
DA:213,6
DA:215,1
DA:216,3
DA:217,3
DA:222,1
DA:223,3
DA:224,3
DA:229,1
DA:230,3
DA:231,3
DA:237,3
DA:238,3
DA:251,1
DA:261,2
LF:100
LH:93
end_of_record
